<?xml version="1.0" encoding="UTF-8"?>
<testng-results skipped="0" failed="0" ignored="0" total="2" passed="2">
  <reporter-output>
  </reporter-output>
  <suite name="Default suite" duration-ms="23453" started-at="2018-07-26T05:32:59Z" finished-at="2018-07-26T05:33:22Z">
    <groups>
    </groups>
    <test name="Default test" duration-ms="23453" started-at="2018-07-26T05:32:59Z" finished-at="2018-07-26T05:33:22Z">
      <class name="testcases.TC001_LogIn">
        <test-method status="PASS" signature="beforeSuite()[pri:0, instance:testcases.TC001_LogIn@4e9ba398]" name="beforeSuite" is-config="true" duration-ms="188" started-at="2018-07-26T05:32:58Z" finished-at="2018-07-26T05:32:59Z">
          <reporter-output>
          </reporter-output>
        </test-method> <!-- beforeSuite -->
        <test-method status="PASS" signature="setData()[pri:0, instance:testcases.TC001_LogIn@4e9ba398]" name="setData" is-config="true" duration-ms="16" started-at="2018-07-26T05:32:59Z" finished-at="2018-07-26T05:32:59Z">
          <reporter-output>
          </reporter-output>
        </test-method> <!-- setData -->
        <test-method status="PASS" signature="beforeClass()[pri:0, instance:testcases.TC001_LogIn@4e9ba398]" name="beforeClass" is-config="true" duration-ms="0" started-at="2018-07-26T05:32:59Z" finished-at="2018-07-26T05:32:59Z">
          <reporter-output>
          </reporter-output>
        </test-method> <!-- beforeClass -->
        <test-method status="PASS" signature="beforeMethod()[pri:0, instance:testcases.TC001_LogIn@4e9ba398]" name="beforeMethod" is-config="true" duration-ms="8851" started-at="2018-07-26T05:33:00Z" finished-at="2018-07-26T05:33:08Z">
          <reporter-output>
          </reporter-output>
        </test-method> <!-- beforeMethod -->
        <test-method status="PASS" signature="login(java.lang.String, java.lang.String)[pri:0, instance:testcases.TC001_LogIn@4e9ba398]" name="login" duration-ms="3874" started-at="2018-07-26T05:33:08Z" data-provider="fetchData" finished-at="2018-07-26T05:33:12Z">
          <params>
            <param index="0">
              <value>
                <![CDATA[DemoSalesManager]]>
              </value>
            </param>
            <param index="1">
              <value>
                <![CDATA[crmsfa]]>
              </value>
            </param>
          </params>
          <reporter-output>
          </reporter-output>
        </test-method> <!-- login -->
        <test-method status="PASS" signature="afterMethod()[pri:0, instance:testcases.TC001_LogIn@4e9ba398]" name="afterMethod" is-config="true" duration-ms="625" started-at="2018-07-26T05:33:12Z" finished-at="2018-07-26T05:33:13Z">
          <reporter-output>
          </reporter-output>
        </test-method> <!-- afterMethod -->
        <test-method status="PASS" signature="beforeMethod()[pri:0, instance:testcases.TC001_LogIn@4e9ba398]" name="beforeMethod" is-config="true" duration-ms="5415" started-at="2018-07-26T05:33:13Z" finished-at="2018-07-26T05:33:18Z">
          <reporter-output>
          </reporter-output>
        </test-method> <!-- beforeMethod -->
        <test-method status="PASS" signature="login(java.lang.String, java.lang.String)[pri:0, instance:testcases.TC001_LogIn@4e9ba398]" name="login" duration-ms="3172" started-at="2018-07-26T05:33:18Z" data-provider="fetchData" finished-at="2018-07-26T05:33:22Z">
          <params>
            <param index="0">
              <value>
                <![CDATA[DemoCSR]]>
              </value>
            </param>
            <param index="1">
              <value>
                <![CDATA[crmsfa]]>
              </value>
            </param>
          </params>
          <reporter-output>
          </reporter-output>
        </test-method> <!-- login -->
        <test-method status="PASS" signature="afterMethod()[pri:0, instance:testcases.TC001_LogIn@4e9ba398]" name="afterMethod" is-config="true" duration-ms="590" started-at="2018-07-26T05:33:22Z" finished-at="2018-07-26T05:33:22Z">
          <reporter-output>
          </reporter-output>
        </test-method> <!-- afterMethod -->
        <test-method status="PASS" signature="afterSuite()[pri:0, instance:testcases.TC001_LogIn@4e9ba398]" name="afterSuite" is-config="true" duration-ms="359" started-at="2018-07-26T05:33:22Z" finished-at="2018-07-26T05:33:23Z">
          <reporter-output>
          </reporter-output>
        </test-method> <!-- afterSuite -->
      </class> <!-- testcases.TC001_LogIn -->
    </test> <!-- Default test -->
  </suite> <!-- Default suite -->
</testng-results>
